<?xml version="1.0" encoding="UTF-8"?>
<!-- Generated by org.testng.reporters.JUnitReportReporter -->
<testsuite skipped="0" hostname="CTRLSOFT-C7X6GX" name="Demo.Test1" tests="1" failures="0" timestamp="20 Jul 2020 11:56:42 GMT" time="59.523" errors="0">
  <testcase name="launch" time="59.523" classname="Demo.Test1"/>
</testsuite> <!-- Demo.Test1 -->
